Error: querySrv ECONNREFUSED _mongodb._tcp.cluster0.dxu0npo.mongodb.net
 ...................................................................................... 
Error: querySrv ECONNREFUSED _mongodb._tcp.cluster0.dxu0npo.mongodb.net
 ...................................................................................... 
TypeError: Cannot read properties of undefined (reading 'v4')
 ...................................................................................... 
TypeError: Cannot read properties of undefined (reading 'split')
 ...................................................................................... 
TypeError: Cannot read properties of undefined (reading 'split')
 ...................................................................................... 
TypeError: Cannot read properties of undefined (reading 'userId')
 ...................................................................................... 
TypeError: Cannot read properties of undefined (reading 'userId')
 ...................................................................................... 
TypeError: Cannot read properties of undefined (reading 'userId')
 ...................................................................................... 
TypeError: Cannot read properties of undefined (reading 'userId')
 ...................................................................................... 
TypeError: Cannot read properties of undefined (reading 'userId')
 ...................................................................................... 
TypeError: Cannot read properties of undefined (reading 'userId')
 ...................................................................................... 
Error: querySrv ECONNREFUSED _mongodb._tcp.cluster0.dxu0npo.mongodb.net
 ...................................................................................... 
MongooseError: Operation `users.findOne()` buffering timed out after 10000ms
 ...................................................................................... 
TypeError: Cannot read properties of undefined (reading 'exp')
 ...................................................................................... 
CastError: Cast to ObjectId failed for value "eeeee" (type string) at path "_id" for model "User"
 ...................................................................................... 
Error: Invalid login: 535-5.7.8 Username and Password not accepted. Learn more at
535 5.7.8  https://support.google.com/mail/?p=BadCredentials o12-20020a05600c378c00b003fc16ee2864sm765501wmr.48 - gsmtp
 ...................................................................................... 
Error: Invalid login: 535-5.7.8 Username and Password not accepted. Learn more at
535 5.7.8  https://support.google.com/mail/?p=BadCredentials o18-20020a05600c511200b003fe24df4182sm1109610wms.1 - gsmtp
 ...................................................................................... 
Error: Invalid login: 535-5.7.8 Username and Password not accepted. Learn more at
535 5.7.8  https://support.google.com/mail/?p=BadCredentials y11-20020a05600c364b00b003fe2a40d287sm839020wmq.1 - gsmtp
 ...................................................................................... 
Error: Invalid login: 535-5.7.8 Username and Password not accepted. Learn more at
535 5.7.8  https://support.google.com/mail/?p=BadCredentials n16-20020a5d4850000000b003179b3fd837sm20440295wrs.33 - gsmtp
 ...................................................................................... 
TypeError: Cannot read properties of null (reading 'version')
 ...................................................................................... 
TypeError: Cannot read properties of null (reading 'version')
 ...................................................................................... 
TypeError: Cannot read properties of undefined (reading 'exp')
 ...................................................................................... 
TypeError: Cannot read properties of undefined (reading 'exp')
 ...................................................................................... 
TypeError: Cannot read properties of undefined (reading 'exp')
 ...................................................................................... 
TypeError: Cannot read properties of undefined (reading 'exp')
 ...................................................................................... 
TypeError: Cannot read properties of undefined (reading 'exp')
 ...................................................................................... 
TypeError: Cannot read properties of undefined (reading 'exp')
 ...................................................................................... 
TypeError: Cannot read properties of undefined (reading 'exp')
 ...................................................................................... 
TypeError: Cannot read properties of undefined (reading 'exp')
 ...................................................................................... 
